<?xml version="1.0" encoding="UTF-8"?>
<testng-results ignored="0" total="2" passed="2" failed="0" skipped="0">
  <reporter-output>
  </reporter-output>
  <suite started-at="2024-12-11T05:39:32 GMT" name="Suite1" finished-at="2024-12-11T05:46:25 GMT" duration-ms="413489">
    <groups>
    </groups>
    <test started-at="2024-12-11T05:39:32 GMT" name="Test1" finished-at="2024-12-11T05:46:25 GMT" duration-ms="413489">
      <class name="loanCalculatorPackage.LoanCalculatorTestClass1">
        <test-method is-config="true" signature="setUp()[pri:0, instance:loanCalculatorPackage.LoanCalculatorTestClass1@26d9b808]" started-at="2024-12-11T05:39:32 GMT" name="setUp" finished-at="2024-12-11T05:39:38 GMT" duration-ms="6155" status="PASS">
          <reporter-output>
          </reporter-output>
        </test-method> <!-- setUp -->
        <test-method signature="testLc1()[pri:0, instance:loanCalculatorPackage.LoanCalculatorTestClass1@26d9b808]" started-at="2024-12-11T05:39:38 GMT" name="testLc1" finished-at="2024-12-11T05:42:17 GMT" duration-ms="158532" status="PASS">
          <reporter-output>
          </reporter-output>
        </test-method> <!-- testLc1 -->
        <test-method signature="OfferTest()[pri:0, instance:loanCalculatorPackage.LoanCalculatorTestClass1@26d9b808]" started-at="2024-12-11T05:42:17 GMT" name="OfferTest" finished-at="2024-12-11T05:46:25 GMT" duration-ms="248370" status="PASS">
          <reporter-output>
          </reporter-output>
        </test-method> <!-- OfferTest -->
        <test-method is-config="true" signature="tearDown()[pri:0, instance:loanCalculatorPackage.LoanCalculatorTestClass1@26d9b808]" started-at="2024-12-11T05:46:25 GMT" name="tearDown" finished-at="2024-12-11T05:46:25 GMT" duration-ms="387" status="PASS">
          <reporter-output>
          </reporter-output>
        </test-method> <!-- tearDown -->
      </class> <!-- loanCalculatorPackage.LoanCalculatorTestClass1 -->
    </test> <!-- Test1 -->
  </suite> <!-- Suite1 -->
</testng-results>
